  glad.c
  imgui.cpp
  imgui_demo.cpp
  imgui_draw.cpp
  imgui_impl_glfw.cpp
  imgui_impl_opengl3.cpp
  imgui_tables.cpp
  imgui_widgets.cpp
  Application.cpp
  AppUI.cpp
  EntryPoint.cpp
  ShaderProgram.cpp
  Utilities.cpp
  WindowInfo.cpp
  WindowInfo.h
  Generating Code...
Debug\WindowInfo.obj : warning LNK4042: object specified more than once; extras ignored
angelscriptd.lib(as_scriptengine.obj) : error LNK2038: mismatch detected for 'RuntimeLibrary': value 'MTd_StaticDebug' doesn't match value 'MDd_DynamicDebug' in Application.obj
angelscriptd.lib(as_context.obj) : error LNK2038: mismatch detected for 'RuntimeLibrary': value 'MTd_StaticDebug' doesn't match value 'MDd_DynamicDebug' in Application.obj
angelscriptd.lib(as_thread.obj) : error LNK2038: mismatch detected for 'RuntimeLibrary': value 'MTd_StaticDebug' doesn't match value 'MDd_DynamicDebug' in Application.obj
angelscriptd.lib(as_memory.obj) : error LNK2038: mismatch detected for 'RuntimeLibrary': value 'MTd_StaticDebug' doesn't match value 'MDd_DynamicDebug' in Application.obj
angelscriptd.lib(as_atomic.obj) : error LNK2038: mismatch detected for 'RuntimeLibrary': value 'MTd_StaticDebug' doesn't match value 'MDd_DynamicDebug' in Application.obj
angelscriptd.lib(as_string.obj) : error LNK2038: mismatch detected for 'RuntimeLibrary': value 'MTd_StaticDebug' doesn't match value 'MDd_DynamicDebug' in Application.obj
angelscriptd.lib(as_datatype.obj) : error LNK2038: mismatch detected for 'RuntimeLibrary': value 'MTd_StaticDebug' doesn't match value 'MDd_DynamicDebug' in Application.obj
angelscriptd.lib(as_scriptfunction.obj) : error LNK2038: mismatch detected for 'RuntimeLibrary': value 'MTd_StaticDebug' doesn't match value 'MDd_DynamicDebug' in Application.obj
angelscriptd.lib(as_globalproperty.obj) : error LNK2038: mismatch detected for 'RuntimeLibrary': value 'MTd_StaticDebug' doesn't match value 'MDd_DynamicDebug' in Application.obj
angelscriptd.lib(as_typeinfo.obj) : error LNK2038: mismatch detected for 'RuntimeLibrary': value 'MTd_StaticDebug' doesn't match value 'MDd_DynamicDebug' in Application.obj
angelscriptd.lib(as_objecttype.obj) : error LNK2038: mismatch detected for 'RuntimeLibrary': value 'MTd_StaticDebug' doesn't match value 'MDd_DynamicDebug' in Application.obj
angelscriptd.lib(as_module.obj) : error LNK2038: mismatch detected for 'RuntimeLibrary': value 'MTd_StaticDebug' doesn't match value 'MDd_DynamicDebug' in Application.obj
angelscriptd.lib(as_callfunc.obj) : error LNK2038: mismatch detected for 'RuntimeLibrary': value 'MTd_StaticDebug' doesn't match value 'MDd_DynamicDebug' in Application.obj
angelscriptd.lib(as_configgroup.obj) : error LNK2038: mismatch detected for 'RuntimeLibrary': value 'MTd_StaticDebug' doesn't match value 'MDd_DynamicDebug' in Application.obj
angelscriptd.lib(as_gc.obj) : error LNK2038: mismatch detected for 'RuntimeLibrary': value 'MTd_StaticDebug' doesn't match value 'MDd_DynamicDebug' in Application.obj
angelscriptd.lib(as_tokenizer.obj) : error LNK2038: mismatch detected for 'RuntimeLibrary': value 'MTd_StaticDebug' doesn't match value 'MDd_DynamicDebug' in Application.obj
angelscriptd.lib(as_scriptnode.obj) : error LNK2038: mismatch detected for 'RuntimeLibrary': value 'MTd_StaticDebug' doesn't match value 'MDd_DynamicDebug' in Application.obj
angelscriptd.lib(as_builder.obj) : error LNK2038: mismatch detected for 'RuntimeLibrary': value 'MTd_StaticDebug' doesn't match value 'MDd_DynamicDebug' in Application.obj
angelscriptd.lib(as_generic.obj) : error LNK2038: mismatch detected for 'RuntimeLibrary': value 'MTd_StaticDebug' doesn't match value 'MDd_DynamicDebug' in Application.obj
angelscriptd.lib(as_scriptobject.obj) : error LNK2038: mismatch detected for 'RuntimeLibrary': value 'MTd_StaticDebug' doesn't match value 'MDd_DynamicDebug' in Application.obj
angelscriptd.lib(as_string_util.obj) : error LNK2038: mismatch detected for 'RuntimeLibrary': value 'MTd_StaticDebug' doesn't match value 'MDd_DynamicDebug' in Application.obj
angelscriptd.lib(as_scriptcode.obj) : error LNK2038: mismatch detected for 'RuntimeLibrary': value 'MTd_StaticDebug' doesn't match value 'MDd_DynamicDebug' in Application.obj
angelscriptd.lib(as_restore.obj) : error LNK2038: mismatch detected for 'RuntimeLibrary': value 'MTd_StaticDebug' doesn't match value 'MDd_DynamicDebug' in Application.obj
angelscriptd.lib(as_callfunc_x86.obj) : error LNK2038: mismatch detected for 'RuntimeLibrary': value 'MTd_StaticDebug' doesn't match value 'MDd_DynamicDebug' in Application.obj
angelscriptd.lib(as_parser.obj) : error LNK2038: mismatch detected for 'RuntimeLibrary': value 'MTd_StaticDebug' doesn't match value 'MDd_DynamicDebug' in Application.obj
angelscriptd.lib(as_bytecode.obj) : error LNK2038: mismatch detected for 'RuntimeLibrary': value 'MTd_StaticDebug' doesn't match value 'MDd_DynamicDebug' in Application.obj
angelscriptd.lib(as_compiler.obj) : error LNK2038: mismatch detected for 'RuntimeLibrary': value 'MTd_StaticDebug' doesn't match value 'MDd_DynamicDebug' in Application.obj
angelscriptd.lib(as_outputbuffer.obj) : error LNK2038: mismatch detected for 'RuntimeLibrary': value 'MTd_StaticDebug' doesn't match value 'MDd_DynamicDebug' in Application.obj
angelscriptd.lib(as_variablescope.obj) : error LNK2038: mismatch detected for 'RuntimeLibrary': value 'MTd_StaticDebug' doesn't match value 'MDd_DynamicDebug' in Application.obj
     Creating library C:\Users\Server PC\Desktop\Typical Custom Engine\Debug\Project.lib and object C:\Users\Server PC\Desktop\Typical Custom Engine\Debug\Project.exp
LINK : warning LNK4098: defaultlib 'LIBCMTD' conflicts with use of other libs; use /NODEFAULTLIB:library
imgui_impl_glfw.obj : error LNK2019: unresolved external symbol _glfwSetErrorCallback referenced in function "bool __cdecl ImGui_ImplGlfw_Init(struct GLFWwindow *,bool,enum GlfwClientApi)" (?ImGui_ImplGlfw_Init@@YA_NPAUGLFWwindow@@_NW4GlfwClientApi@@@Z)
imgui_impl_glfw.obj : error LNK2019: unresolved external symbol _glfwSetMonitorCallback referenced in function "bool __cdecl ImGui_ImplGlfw_Init(struct GLFWwindow *,bool,enum GlfwClientApi)" (?ImGui_ImplGlfw_Init@@YA_NPAUGLFWwindow@@_NW4GlfwClientApi@@@Z)
imgui_impl_glfw.obj : error LNK2019: unresolved external symbol _glfwGetWindowSize referenced in function "void __cdecl ImGui_ImplGlfw_NewFrame(void)" (?ImGui_ImplGlfw_NewFrame@@YAXXZ)
imgui_impl_glfw.obj : error LNK2019: unresolved external symbol _glfwGetFramebufferSize referenced in function "void __cdecl ImGui_ImplGlfw_NewFrame(void)" (?ImGui_ImplGlfw_NewFrame@@YAXXZ)
imgui_impl_glfw.obj : error LNK2019: unresolved external symbol _glfwGetWindowAttrib referenced in function "void __cdecl ImGui_ImplGlfw_UpdateMousePosAndButtons(void)" (?ImGui_ImplGlfw_UpdateMousePosAndButtons@@YAXXZ)
imgui_impl_glfw.obj : error LNK2019: unresolved external symbol _glfwSetWindowFocusCallback referenced in function "bool __cdecl ImGui_ImplGlfw_Init(struct GLFWwindow *,bool,enum GlfwClientApi)" (?ImGui_ImplGlfw_Init@@YA_NPAUGLFWwindow@@_NW4GlfwClientApi@@@Z)
imgui_impl_glfw.obj : error LNK2019: unresolved external symbol _glfwGetInputMode referenced in function "void __cdecl ImGui_ImplGlfw_UpdateMouseCursor(void)" (?ImGui_ImplGlfw_UpdateMouseCursor@@YAXXZ)
imgui_impl_glfw.obj : error LNK2019: unresolved external symbol _glfwSetInputMode referenced in function "void __cdecl ImGui_ImplGlfw_UpdateMouseCursor(void)" (?ImGui_ImplGlfw_UpdateMouseCursor@@YAXXZ)
imgui_impl_glfw.obj : error LNK2019: unresolved external symbol _glfwGetMouseButton referenced in function "void __cdecl ImGui_ImplGlfw_UpdateMousePosAndButtons(void)" (?ImGui_ImplGlfw_UpdateMousePosAndButtons@@YAXXZ)
imgui_impl_glfw.obj : error LNK2019: unresolved external symbol _glfwGetCursorPos referenced in function "void __cdecl ImGui_ImplGlfw_UpdateMousePosAndButtons(void)" (?ImGui_ImplGlfw_UpdateMousePosAndButtons@@YAXXZ)
Application.obj : error LNK2001: unresolved external symbol _glfwGetCursorPos
imgui_impl_glfw.obj : error LNK2019: unresolved external symbol _glfwSetCursorPos referenced in function "void __cdecl ImGui_ImplGlfw_UpdateMousePosAndButtons(void)" (?ImGui_ImplGlfw_UpdateMousePosAndButtons@@YAXXZ)
imgui_impl_glfw.obj : error LNK2019: unresolved external symbol _glfwCreateStandardCursor referenced in function "bool __cdecl ImGui_ImplGlfw_Init(struct GLFWwindow *,bool,enum GlfwClientApi)" (?ImGui_ImplGlfw_Init@@YA_NPAUGLFWwindow@@_NW4GlfwClientApi@@@Z)
imgui_impl_glfw.obj : error LNK2019: unresolved external symbol _glfwDestroyCursor referenced in function "void __cdecl ImGui_ImplGlfw_Shutdown(void)" (?ImGui_ImplGlfw_Shutdown@@YAXXZ)
imgui_impl_glfw.obj : error LNK2019: unresolved external symbol _glfwSetCursor referenced in function "void __cdecl ImGui_ImplGlfw_UpdateMouseCursor(void)" (?ImGui_ImplGlfw_UpdateMouseCursor@@YAXXZ)
imgui_impl_glfw.obj : error LNK2019: unresolved external symbol _glfwSetKeyCallback referenced in function "bool __cdecl ImGui_ImplGlfw_Init(struct GLFWwindow *,bool,enum GlfwClientApi)" (?ImGui_ImplGlfw_Init@@YA_NPAUGLFWwindow@@_NW4GlfwClientApi@@@Z)
imgui_impl_glfw.obj : error LNK2019: unresolved external symbol _glfwSetCharCallback referenced in function "bool __cdecl ImGui_ImplGlfw_Init(struct GLFWwindow *,bool,enum GlfwClientApi)" (?ImGui_ImplGlfw_Init@@YA_NPAUGLFWwindow@@_NW4GlfwClientApi@@@Z)
imgui_impl_glfw.obj : error LNK2019: unresolved external symbol _glfwSetMouseButtonCallback referenced in function "bool __cdecl ImGui_ImplGlfw_Init(struct GLFWwindow *,bool,enum GlfwClientApi)" (?ImGui_ImplGlfw_Init@@YA_NPAUGLFWwindow@@_NW4GlfwClientApi@@@Z)
imgui_impl_glfw.obj : error LNK2019: unresolved external symbol _glfwSetCursorEnterCallback referenced in function "bool __cdecl ImGui_ImplGlfw_Init(struct GLFWwindow *,bool,enum GlfwClientApi)" (?ImGui_ImplGlfw_Init@@YA_NPAUGLFWwindow@@_NW4GlfwClientApi@@@Z)
imgui_impl_glfw.obj : error LNK2019: unresolved external symbol _glfwSetScrollCallback referenced in function "bool __cdecl ImGui_ImplGlfw_Init(struct GLFWwindow *,bool,enum GlfwClientApi)" (?ImGui_ImplGlfw_Init@@YA_NPAUGLFWwindow@@_NW4GlfwClientApi@@@Z)
imgui_impl_glfw.obj : error LNK2019: unresolved external symbol _glfwGetJoystickAxes referenced in function "void __cdecl ImGui_ImplGlfw_UpdateGamepads(void)" (?ImGui_ImplGlfw_UpdateGamepads@@YAXXZ)
imgui_impl_glfw.obj : error LNK2019: unresolved external symbol _glfwGetJoystickButtons referenced in function "void __cdecl ImGui_ImplGlfw_UpdateGamepads(void)" (?ImGui_ImplGlfw_UpdateGamepads@@YAXXZ)
imgui_impl_glfw.obj : error LNK2019: unresolved external symbol _glfwSetClipboardString referenced in function "void __cdecl ImGui_ImplGlfw_SetClipboardText(void *,char const *)" (?ImGui_ImplGlfw_SetClipboardText@@YAXPAXPBD@Z)
imgui_impl_glfw.obj : error LNK2019: unresolved external symbol _glfwGetClipboardString referenced in function "char const * __cdecl ImGui_ImplGlfw_GetClipboardText(void *)" (?ImGui_ImplGlfw_GetClipboardText@@YAPBDPAX@Z)
imgui_impl_glfw.obj : error LNK2019: unresolved external symbol _glfwGetTime referenced in function "void __cdecl ImGui_ImplGlfw_NewFrame(void)" (?ImGui_ImplGlfw_NewFrame@@YAXXZ)
Application.obj : error LNK2001: unresolved external symbol _glfwGetTime
imgui_impl_glfw.obj : error LNK2019: unresolved external symbol _glfwGetWin32Window referenced in function "bool __cdecl ImGui_ImplGlfw_Init(struct GLFWwindow *,bool,enum GlfwClientApi)" (?ImGui_ImplGlfw_Init@@YA_NPAUGLFWwindow@@_NW4GlfwClientApi@@@Z)
Application.obj : error LNK2019: unresolved external symbol _glfwTerminate referenced in function "public: __thiscall Application::~Application(void)" (??1Application@@QAE@XZ)
WindowInfo.obj : error LNK2001: unresolved external symbol _glfwTerminate
Application.obj : error LNK2019: unresolved external symbol _glfwDestroyWindow referenced in function "public: __thiscall Application::~Application(void)" (??1Application@@QAE@XZ)
WindowInfo.obj : error LNK2001: unresolved external symbol _glfwDestroyWindow
Application.obj : error LNK2019: unresolved external symbol _glfwWindowShouldClose referenced in function "public: bool __thiscall Application::IsRunning(void)const " (?IsRunning@Application@@QBE_NXZ)
Application.obj : error LNK2019: unresolved external symbol _glfwGetWindowContentScale referenced in function "public: __thiscall Application::Application(int,char * * const)" (??0Application@@QAE@HQAPAD@Z)
Application.obj : error LNK2019: unresolved external symbol _glfwSetWindowSizeCallback referenced in function "public: __thiscall Application::Application(int,char * * const)" (??0Application@@QAE@HQAPAD@Z)
Application.obj : error LNK2019: unresolved external symbol _glfwPollEvents referenced in function "public: void __thiscall Application::Run(void)" (?Run@Application@@QAEXXZ)
Application.obj : error LNK2019: unresolved external symbol _glfwGetKey referenced in function "public: bool __thiscall Application::IsRunning(void)const " (?IsRunning@Application@@QBE_NXZ)
Application.obj : error LNK2019: unresolved external symbol _glfwSwapBuffers referenced in function "public: void __thiscall Application::Run(void)" (?Run@Application@@QAEXXZ)
WindowInfo.obj : error LNK2019: unresolved external symbol _glfwInit referenced in function "protected: int __thiscall WindowInfo::SetupWindow(void)" (?SetupWindow@WindowInfo@@IAEHXZ)
WindowInfo.obj : error LNK2019: unresolved external symbol _glfwGetPrimaryMonitor referenced in function "protected: int __thiscall WindowInfo::SetupWindow(void)" (?SetupWindow@WindowInfo@@IAEHXZ)
WindowInfo.obj : error LNK2019: unresolved external symbol _glfwGetVideoMode referenced in function "protected: int __thiscall WindowInfo::SetupWindow(void)" (?SetupWindow@WindowInfo@@IAEHXZ)
WindowInfo.obj : error LNK2019: unresolved external symbol _glfwCreateWindow referenced in function "protected: int __thiscall WindowInfo::SetupWindow(void)" (?SetupWindow@WindowInfo@@IAEHXZ)
WindowInfo.obj : error LNK2019: unresolved external symbol _glfwSetWindowUserPointer referenced in function "protected: int __thiscall WindowInfo::SetupWindow(void)" (?SetupWindow@WindowInfo@@IAEHXZ)
WindowInfo.obj : error LNK2019: unresolved external symbol _glfwMakeContextCurrent referenced in function "protected: int __thiscall WindowInfo::SetupWindow(void)" (?SetupWindow@WindowInfo@@IAEHXZ)
WindowInfo.obj : error LNK2019: unresolved external symbol _glfwSwapInterval referenced in function "protected: int __thiscall WindowInfo::SetupWindow(void)" (?SetupWindow@WindowInfo@@IAEHXZ)
C:\Users\Server PC\Desktop\Typical Custom Engine\Dependencies\AssImp\lib\assimp-vc143-mt.lib : warning LNK4272: library machine type 'x64' conflicts with target machine type 'x86'
C:\Users\Server PC\Desktop\Typical Custom Engine\Dependencies\AssImp\lib\assimp-vc143-mtd.lib : warning LNK4272: library machine type 'x64' conflicts with target machine type 'x86'
C:\Users\Server PC\Desktop\Typical Custom Engine\Dependencies\AssImp\lib\zlibstatic.lib : warning LNK4272: library machine type 'x64' conflicts with target machine type 'x86'
C:\Users\Server PC\Desktop\Typical Custom Engine\Dependencies\AssImp\lib\zlibstaticd.lib : warning LNK4272: library machine type 'x64' conflicts with target machine type 'x86'
C:\Users\Server PC\Desktop\Typical Custom Engine\Dependencies\GLFW\glfw3.lib : warning LNK4272: library machine type 'x64' conflicts with target machine type 'x86'
C:\Users\Server PC\Desktop\Typical Custom Engine\Debug\Project.exe : fatal error LNK1120: 40 unresolved externals
